
  .   ____          _            __ _ _
 /\\ / ___'_ __ _ _(_)_ __  __ _ \ \ \ \
( ( )\___ | '_ | '_| | '_ \/ _` | \ \ \ \
 \\/  ___)| |_)| | | | | || (_| |  ) ) ) )
  '  |____| .__|_| |_|_| |_\__, | / / / /
 =========|_|==============|___/=/_/_/_/

 :: Spring Boot ::                (v4.1.0)

2026-07-01T02:00:50.652Z  INFO 1 --- [digital-bank] [           main] com.tmdevlab.bank.BankApplication        : Starting BankApplication v1.0.0 using Java 21.0.11 with PID 1 (/app/app.jar started by root in /app)
2026-07-01T02:00:50.655Z  INFO 1 --- [digital-bank] [           main] com.tmdevlab.bank.BankApplication        : No active profile set, falling back to 1 default profile: "default"
2026-07-01T02:00:52.638Z  INFO 1 --- [digital-bank] [           main] o.s.boot.tomcat.TomcatWebServer          : Tomcat initialized with port 8080 (http)
2026-07-01T02:00:52.650Z  INFO 1 --- [digital-bank] [           main] o.apache.catalina.core.StandardService   : Starting service [Tomcat]
2026-07-01T02:00:52.651Z  INFO 1 --- [digital-bank] [           main] o.apache.catalina.core.StandardEngine    : Starting Servlet engine: [Apache Tomcat/11.0.22]
2026-07-01T02:00:52.836Z  INFO 1 --- [digital-bank] [           main] b.w.c.s.WebApplicationContextInitializer : Root WebApplicationContext: initialization completed in 2083 ms
2026-07-01T02:00:54.257Z  INFO 1 --- [digital-bank] [           main] o.s.b.a.e.web.EndpointLinksResolver      : Exposing 3 endpoints beneath base path '/actuator'
2026-07-01T02:00:54.423Z  INFO 1 --- [digital-bank] [           main] o.s.boot.tomcat.TomcatWebServer          : Tomcat started on port 8080 (http) with context path '/'
2026-07-01T02:00:54.430Z  INFO 1 --- [digital-bank] [           main] com.tmdevlab.bank.BankApplication        : Started BankApplication in 4.766 seconds (process running for 5.806)
2026-07-01T02:00:54.934Z  INFO 1 --- [digital-bank] [nio-8080-exec-1] o.a.c.c.C.[Tomcat].[localhost].[/]       : Initializing Spring DispatcherServlet 'dispatcherServlet'
2026-07-01T02:00:54.935Z  INFO 1 --- [digital-bank] [nio-8080-exec-1] o.s.web.servlet.DispatcherServlet        : Initializing Servlet 'dispatcherServlet'
2026-07-01T02:00:54.937Z  INFO 1 --- [digital-bank] [nio-8080-exec-1] o.s.web.servlet.DispatcherServlet        : Completed initialization in 2 ms
2026-07-01T02:00:55.633Z  INFO 1 --- [digital-bank] [           main] com.tmdevlab.bank.config.PreloadRunner   : Preloaded 300000 accounts x 4 tx (1200000 ledger entries) in 989 ms
