
  .   ____          _            __ _ _
 /\\ / ___'_ __ _ _(_)_ __  __ _ \ \ \ \
( ( )\___ | '_ | '_| | '_ \/ _` | \ \ \ \
 \\/  ___)| |_)| | | | | || (_| |  ) ) ) )
  '  |____| .__|_| |_|_| |_\__, | / / / /
 =========|_|==============|___/=/_/_/_/

 :: Spring Boot ::                (v4.1.0)

2026-07-01T02:10:46.108Z  INFO 15 --- [digital-bank] [           main] com.tmdevlab.bank.BankApplication        : Starting BankApplication v1.0.0 using Java 21.0.11 with PID 15 (/app/app.jar started by root in /app)
2026-07-01T02:10:46.111Z  INFO 15 --- [digital-bank] [           main] com.tmdevlab.bank.BankApplication        : No active profile set, falling back to 1 default profile: "default"
2026-07-01T02:10:48.501Z  INFO 15 --- [digital-bank] [           main] o.s.boot.tomcat.TomcatWebServer          : Tomcat initialized with port 8080 (http)
2026-07-01T02:10:48.514Z  INFO 15 --- [digital-bank] [           main] o.apache.catalina.core.StandardService   : Starting service [Tomcat]
2026-07-01T02:10:48.514Z  INFO 15 --- [digital-bank] [           main] o.apache.catalina.core.StandardEngine    : Starting Servlet engine: [Apache Tomcat/11.0.22]
2026-07-01T02:10:48.691Z  INFO 15 --- [digital-bank] [           main] b.w.c.s.WebApplicationContextInitializer : Root WebApplicationContext: initialization completed in 2408 ms
2026-07-01T02:10:50.185Z  INFO 15 --- [digital-bank] [           main] o.s.b.a.e.web.EndpointLinksResolver      : Exposing 3 endpoints beneath base path '/actuator'
2026-07-01T02:10:50.300Z  INFO 15 --- [digital-bank] [           main] o.s.boot.tomcat.TomcatWebServer          : Tomcat started on port 8080 (http) with context path '/'
2026-07-01T02:10:50.308Z  INFO 15 --- [digital-bank] [           main] com.tmdevlab.bank.BankApplication        : Started BankApplication in 5.211 seconds (process running for 7.247)
2026-07-01T02:10:51.096Z  INFO 15 --- [digital-bank] [           main] com.tmdevlab.bank.config.PreloadRunner   : Preloaded 300000 accounts x 4 tx (1200000 ledger entries) in 598 ms
2026-07-01T02:10:51.106Z  INFO 15 --- [digital-bank] [nio-8080-exec-1] o.a.c.c.C.[Tomcat].[localhost].[/]       : Initializing Spring DispatcherServlet 'dispatcherServlet'
2026-07-01T02:10:51.106Z  INFO 15 --- [digital-bank] [nio-8080-exec-1] o.s.web.servlet.DispatcherServlet        : Initializing Servlet 'dispatcherServlet'
2026-07-01T02:10:51.172Z  INFO 15 --- [digital-bank] [nio-8080-exec-1] o.s.web.servlet.DispatcherServlet        : Completed initialization in 66 ms
